<?xml version="1.0" encoding="UTF-8"?>
<!-- Generated by org.testng.reporters.JUnitXMLReporter -->
<testsuite ignored="12" hostname="MISHRA" failures="2" tests="16" name="Surefire test" time="243.554" errors="0" timestamp="2023-03-20T22:46:30 IST">
  <testcase classname="practice.TestNGPractice" name="createUser" time="0.006"/>
  <testcase classname="practice.TestNGPractice" name="createUser" time="0.002"/>
  <testcase classname="practice.TestNGPractice" name="updateUser" time="0.003"/>
  <testcase classname="practice.TestNGPractice" name="deleteUser" time="0.001"/>
  <testcase classname="vtiger.ContactsTest.CreateContactsWithOrganizationTest" name="createContactWithOrgTest" time="25.75"/>
  <testcase classname="vtiger.ContactsTest.POMCreateContactsWithOrgTest" name="createContactWithOrgTest" time="17.962"/>
  <testcase classname="vtiger.ContactsTest.POMCreateContactsWithOrgTest" name="regional" time="0.011">
    <skipped/>
  </testcase> <!-- regional -->
  <testcase classname="vtiger.ContactsTest.POMCreateContactsWithOrgTest" name="regional" time="0.001">
    <skipped/>
  </testcase> <!-- regional -->
  <testcase classname="vtiger.ContactsTest.POMCreateContactsWithOrgTest" name="regional" time="0.002">
    <skipped/>
  </testcase> <!-- regional -->
  <testcase classname="vtiger.ContactsTest.POMCreateContactsWithOrgTest" name="regional" time="0.0">
    <failure type="java.lang.AssertionError" message="null">
      <![CDATA[java.lang.AssertionError: null
at vtiger.ContactsTest.POMCreateContactsWithOrgTest.regional(POMCreateContactsWithOrgTest.java:86)
at java.base/java.util.ArrayList.forEach(ArrayList.java:1511)
... Removed 34 stack frames]]>
    </failure>
  </testcase> <!-- regional -->
  <testcase classname="vtiger.createOpportunityWithOrg.CreateOppWithContactTest" name="createOppWithContTest" time="27.654"/>
  <testcase classname="vtiger.createOpportunityWithOrg.CreateOppWithOrgTest" name="createOppWithOTest" time="17.5"/>
  <testcase classname="vtiger.CreateVendorWithCampaign$Product.CreateTroubleTicketsWithProductAndOrgTest" name="createTroubleTicket" time="35.908"/>
  <testcase classname="vtiger.CreateVendorWithCampaign$Product.CreateVendorWithCampProductTest" name="createVenWithCampAndProduct" time="25.619"/>
  <testcase classname="vtiger.OrganizationsTests.CreateOrgWithMultipleDataTest" name="createOrgWithIndustry" time="0.0">
    <failure type="java.lang.RuntimeException" message="java.lang.NullPointerException: Cannot invoke &amp;quot;org.apache.poi.ss.usermodel.Cell.getStringCellValue()&amp;quot; because the return value of &amp;quot;org.apache.poi.ss.usermodel.Row.getCell(int)&amp;quot; is null">
      <![CDATA[java.lang.RuntimeException: java.lang.NullPointerException: Cannot invoke "org.apache.poi.ss.usermodel.Cell.getStringCellValue()" because the return value of "org.apache.poi.ss.usermodel.Row.getCell(int)" is null
at java.base/java.util.ArrayList.forEach(ArrayList.java:1511)
Caused by: java.lang.NullPointerException: Cannot invoke "org.apache.poi.ss.usermodel.Cell.getStringCellValue()" because the return value of "org.apache.poi.ss.usermodel.Row.getCell(int)" is null
at vtiger.GenericUtilities.ExcelFileUtility.readMultipleData(ExcelFileUtility.java:111)
at vtiger.OrganizationsTests.CreateOrgWithMultipleDataTest.getData(CreateOrgWithMultipleDataTest.java:35)
... 30 more
... Removed 37 stack frames]]>
    </failure>
  </testcase> <!-- createOrgWithIndustry -->
  <testcase classname="vtiger.ProductsTest.CreateProductWithCampaignTest" name="createProductTest" time="15.659"/>
  <testcase classname="vtiger.GenericUtilities.BaseClass" name="@BeforeSuite bsConfig" time="0.0">
    <ignored/>
  </testcase> <!-- @BeforeSuite bsConfig -->
  <testcase classname="vtiger.GenericUtilities.BaseClass" name="@AfterSuite asConfig" time="0.0">
    <ignored/>
  </testcase> <!-- @AfterSuite asConfig -->
  <testcase classname="vtiger.GenericUtilities.BaseClass" name="@BeforeSuite bsConfig" time="0.0">
    <ignored/>
  </testcase> <!-- @BeforeSuite bsConfig -->
  <testcase classname="vtiger.GenericUtilities.BaseClass" name="@AfterSuite asConfig" time="0.0">
    <ignored/>
  </testcase> <!-- @AfterSuite asConfig -->
  <testcase classname="vtiger.GenericUtilities.BaseClass" name="@BeforeSuite bsConfig" time="0.0">
    <ignored/>
  </testcase> <!-- @BeforeSuite bsConfig -->
  <testcase classname="vtiger.GenericUtilities.BaseClass" name="@AfterSuite asConfig" time="0.0">
    <ignored/>
  </testcase> <!-- @AfterSuite asConfig -->
  <testcase classname="vtiger.GenericUtilities.BaseClass" name="@BeforeSuite bsConfig" time="0.0">
    <ignored/>
  </testcase> <!-- @BeforeSuite bsConfig -->
  <testcase classname="vtiger.GenericUtilities.BaseClass" name="@BeforeSuite bsConfig" time="0.0">
    <ignored/>
  </testcase> <!-- @BeforeSuite bsConfig -->
  <testcase classname="vtiger.GenericUtilities.BaseClass" name="@AfterSuite asConfig" time="0.0">
    <ignored/>
  </testcase> <!-- @AfterSuite asConfig -->
  <testcase classname="vtiger.GenericUtilities.BaseClass" name="@AfterSuite asConfig" time="0.0">
    <ignored/>
  </testcase> <!-- @AfterSuite asConfig -->
  <testcase classname="vtiger.GenericUtilities.BaseClass" name="@BeforeSuite bsConfig" time="0.0">
    <ignored/>
  </testcase> <!-- @BeforeSuite bsConfig -->
  <testcase classname="vtiger.GenericUtilities.BaseClass" name="@AfterSuite asConfig" time="0.0">
    <ignored/>
  </testcase> <!-- @AfterSuite asConfig -->
</testsuite> <!-- Surefire test -->
