<?xml version="1.0" encoding="UTF-8"?>
<!-- Generated by org.testng.reporters.JUnitXMLReporter -->
<testsuite ignored="2" hostname="MISHRA" failures="0" tests="3" name="Test" time="86.889" errors="0" timestamp="2023-03-20T14:16:17 IST">
  <testcase classname="vtiger.CreateVendorWithCampaign$Product.CreateTroubleTicketsWithProductAndOrgTest" name="createTroubleTicket" time="38.905"/>
  <testcase classname="vtiger.ContactsTest.POMCreateContactsWithOrgTest" name="createContactWithOrgTest" time="18.9"/>
  <testcase classname="vtiger.ContactsTest.POMCreateContactsWithOrgTest" name="regional" time="0.013"/>
  <testcase classname="vtiger.GenericUtilities.BaseClass" name="@AfterSuite asConfig" time="0.0">
    <ignored/>
  </testcase> <!-- @AfterSuite asConfig -->
  <testcase classname="vtiger.GenericUtilities.BaseClass" name="@BeforeSuite bsConfig" time="0.0">
    <ignored/>
  </testcase> <!-- @BeforeSuite bsConfig -->
</testsuite> <!-- Test -->
