<?xml version="1.0" encoding="UTF-8"?>
<testng-results ignored="0" total="1" passed="1" failed="0" skipped="0">
  <reporter-output>
    <line>
      <![CDATA[click on vendor link created successfully]]>
    </line>
    <line>
      <![CDATA[click on vendor img created successfully]]>
    </line>
    <line>
      <![CDATA[create vendor with GL Account created successfully]]>
    </line>
    <line>
      <![CDATA[Vendor created successfully]]>
    </line>
    <line>
      <![CDATA[product created sucessfully]]>
    </line>
    <line>
      <![CDATA[Campaign created with product]]>
    </line>
  </reporter-output>
  <suite started-at="2023-03-31T12:05:23 IST" name="Surefire suite" finished-at="2023-03-31T12:05:50 IST" duration-ms="26985">
    <groups>
    </groups>
    <test started-at="2023-03-31T12:05:23 IST" name="Surefire test" finished-at="2023-03-31T12:05:50 IST" duration-ms="26985">
      <class name="vtiger.CreateVendorWithCampaign$Product.CreateVendorWithCampProductTest">
        <test-method is-config="true" signature="bsConfig()[pri:0, instance:vtiger.CreateVendorWithCampaign$Product.CreateVendorWithCampProductTest@20d28811]" started-at="2023-03-31T12:05:23 IST" name="bsConfig" finished-at="2023-03-31T12:05:23 IST" duration-ms="12" status="PASS">
          <reporter-output>
          </reporter-output>
        </test-method> <!-- bsConfig -->
        <test-method is-config="true" signature="bcConfig()[pri:0, instance:vtiger.CreateVendorWithCampaign$Product.CreateVendorWithCampProductTest@20d28811]" started-at="2023-03-31T12:05:23 IST" name="bcConfig" finished-at="2023-03-31T12:05:26 IST" duration-ms="2595" status="PASS">
          <reporter-output>
          </reporter-output>
        </test-method> <!-- bcConfig -->
        <test-method is-config="true" signature="bmConfig()[pri:0, instance:vtiger.CreateVendorWithCampaign$Product.CreateVendorWithCampProductTest@20d28811]" started-at="2023-03-31T12:05:26 IST" name="bmConfig" finished-at="2023-03-31T12:05:29 IST" duration-ms="2692" status="PASS">
          <reporter-output>
          </reporter-output>
        </test-method> <!-- bmConfig -->
        <test-method signature="createVenWithCampAndProduct()[pri:0, instance:vtiger.CreateVendorWithCampaign$Product.CreateVendorWithCampProductTest@20d28811]" started-at="2023-03-31T12:05:29 IST" name="createVenWithCampAndProduct" finished-at="2023-03-31T12:05:48 IST" duration-ms="19398" status="PASS">
          <reporter-output>
            <line>
              <![CDATA[click on vendor link created successfully]]>
            </line>
            <line>
              <![CDATA[click on vendor img created successfully]]>
            </line>
            <line>
              <![CDATA[create vendor with GL Account created successfully]]>
            </line>
            <line>
              <![CDATA[Vendor created successfully]]>
            </line>
            <line>
              <![CDATA[product created sucessfully]]>
            </line>
            <line>
              <![CDATA[Campaign created with product]]>
            </line>
          </reporter-output>
        </test-method> <!-- createVenWithCampAndProduct -->
        <test-method is-config="true" signature="amConfig()[pri:0, instance:vtiger.CreateVendorWithCampaign$Product.CreateVendorWithCampProductTest@20d28811]" started-at="2023-03-31T12:05:48 IST" name="amConfig" finished-at="2023-03-31T12:05:50 IST" duration-ms="1560" status="PASS">
          <reporter-output>
          </reporter-output>
        </test-method> <!-- amConfig -->
        <test-method is-config="true" signature="acConfig()[pri:0, instance:vtiger.CreateVendorWithCampaign$Product.CreateVendorWithCampProductTest@20d28811]" started-at="2023-03-31T12:05:50 IST" name="acConfig" finished-at="2023-03-31T12:05:50 IST" duration-ms="713" status="PASS">
          <reporter-output>
          </reporter-output>
        </test-method> <!-- acConfig -->
        <test-method is-config="true" signature="asConfig()[pri:0, instance:vtiger.CreateVendorWithCampaign$Product.CreateVendorWithCampProductTest@20d28811]" started-at="2023-03-31T12:05:50 IST" name="asConfig" finished-at="2023-03-31T12:05:50 IST" duration-ms="1" status="PASS">
          <reporter-output>
          </reporter-output>
        </test-method> <!-- asConfig -->
      </class> <!-- vtiger.CreateVendorWithCampaign$Product.CreateVendorWithCampProductTest -->
    </test> <!-- Surefire test -->
  </suite> <!-- Surefire suite -->
</testng-results>
